{
  meta: {
    req: {
      url: '/user/auth/google',
      headers: {
        host: 'localhost:8080',
        connection: 'keep-alive',
        'sec-ch-ua': '"Not.A/Brand";v="8", "Chromium";v="114", "Google Chrome";v="114"',
        'sec-ch-ua-mobile': '?0',
        'sec-ch-ua-platform': '"Windows"',
        'upgrade-insecure-requests': '1',
        'user-agent': 'Mozilla/5.0 (Windows NT 10.0; Win64; x64) AppleWebKit/537.36 (KHTML, like Gecko) Chrome/114.0.0.0 Safari/537.36',
        accept: 'text/html,application/xhtml+xml,application/xml;q=0.9,image/avif,image/webp,image/apng,*/*;q=0.8,application/signed-exchange;v=b3;q=0.7',
        'sec-fetch-site': 'cross-site',
        'sec-fetch-mode': 'navigate',
        'sec-fetch-user': '?1',
        'sec-fetch-dest': 'document',
        referer: 'http://127.0.0.1:5500/',
        'accept-encoding': 'gzip, deflate, br',
        'accept-language': 'en-US,en;q=0.9,hi;q=0.8'
      },
      method: 'GET',
      httpVersion: '1.1',
      originalUrl: '/user/auth/google',
      query: {}
    },
    res: { statusCode: 302 },
    responseTime: 7
  },
  level: '\x1B[32minfo\x1B[39m',
  message: 'HTTP GET /user/auth/google'
}
{
  meta: {
    req: {
      url: '/user/auth/google',
      headers: {
        host: 'localhost:8080',
        connection: 'keep-alive',
        'sec-ch-ua': '"Not.A/Brand";v="8", "Chromium";v="114", "Google Chrome";v="114"',
        'sec-ch-ua-mobile': '?0',
        'sec-ch-ua-platform': '"Windows"',
        'upgrade-insecure-requests': '1',
        'user-agent': 'Mozilla/5.0 (Windows NT 10.0; Win64; x64) AppleWebKit/537.36 (KHTML, like Gecko) Chrome/114.0.0.0 Safari/537.36',
        accept: 'text/html,application/xhtml+xml,application/xml;q=0.9,image/avif,image/webp,image/apng,*/*;q=0.8,application/signed-exchange;v=b3;q=0.7',
        'sec-fetch-site': 'cross-site',
        'sec-fetch-mode': 'navigate',
        'sec-fetch-user': '?1',
        'sec-fetch-dest': 'document',
        referer: 'http://127.0.0.1:5501/',
        'accept-encoding': 'gzip, deflate, br',
        'accept-language': 'en-US,en;q=0.9,hi;q=0.8'
      },
      method: 'GET',
      httpVersion: '1.1',
      originalUrl: '/user/auth/google',
      query: {}
    },
    res: { statusCode: 302 },
    responseTime: 6
  },
  level: '\x1B[32minfo\x1B[39m',
  message: 'HTTP GET /user/auth/google'
}
{
  meta: {
    req: {
      url: '/user/auth/google/callback?code=4%2F0AbUR2VNKnNHgTPt4oTthf4Dd9tsTORF9fdox5sBozwDM6Q8Iy-jJWS-AqtVzkTQRr2ax9A&scope=email+profile+openid+https%3A%2F%2Fwww.googleapis.com%2Fauth%2Fuserinfo.profile+https%3A%2F%2Fwww.googleapis.com%2Fauth%2Fuserinfo.email&authuser=0&prompt=none',
      headers: {
        host: 'localhost:8080',
        connection: 'keep-alive',
        'upgrade-insecure-requests': '1',
        'user-agent': 'Mozilla/5.0 (Windows NT 10.0; Win64; x64) AppleWebKit/537.36 (KHTML, like Gecko) Chrome/114.0.0.0 Safari/537.36',
        accept: 'text/html,application/xhtml+xml,application/xml;q=0.9,image/avif,image/webp,image/apng,*/*;q=0.8,application/signed-exchange;v=b3;q=0.7',
        'sec-fetch-site': 'cross-site',
        'sec-fetch-mode': 'navigate',
        'sec-fetch-user': '?1',
        'sec-fetch-dest': 'document',
        'sec-ch-ua': '"Not.A/Brand";v="8", "Chromium";v="114", "Google Chrome";v="114"',
        'sec-ch-ua-mobile': '?0',
        'sec-ch-ua-platform': '"Windows"',
        referer: 'http://127.0.0.1:5501/',
        'accept-encoding': 'gzip, deflate, br',
        'accept-language': 'en-US,en;q=0.9,hi;q=0.8'
      },
      method: 'GET',
      httpVersion: '1.1',
      originalUrl: '/user/auth/google/callback?code=4%2F0AbUR2VNKnNHgTPt4oTthf4Dd9tsTORF9fdox5sBozwDM6Q8Iy-jJWS-AqtVzkTQRr2ax9A&scope=email+profile+openid+https%3A%2F%2Fwww.googleapis.com%2Fauth%2Fuserinfo.profile+https%3A%2F%2Fwww.googleapis.com%2Fauth%2Fuserinfo.email&authuser=0&prompt=none',
      query: {
        code: '4/0AbUR2VNKnNHgTPt4oTthf4Dd9tsTORF9fdox5sBozwDM6Q8Iy-jJWS-AqtVzkTQRr2ax9A',
        scope: 'email profile openid https://www.googleapis.com/auth/userinfo.profile https://www.googleapis.com/auth/userinfo.email',
        authuser: '0',
        prompt: 'none'
      }
    },
    res: { statusCode: 302 },
    responseTime: 1648
  },
  level: '\x1B[32minfo\x1B[39m',
  message: 'HTTP GET /user/auth/google/callback?code=4%2F0AbUR2VNKnNHgTPt4oTthf4Dd9tsTORF9fdox5sBozwDM6Q8Iy-jJWS-AqtVzkTQRr2ax9A&scope=email+profile+openid+https%3A%2F%2Fwww.googleapis.com%2Fauth%2Fuserinfo.profile+https%3A%2F%2Fwww.googleapis.com%2Fauth%2Fuserinfo.email&authuser=0&prompt=none'
}
{
  meta: {
    req: {
      url: '/chat/getCon',
      headers: {
        host: 'localhost:8080',
        connection: 'keep-alive',
        'content-length': '0',
        'sec-ch-ua': '"Not.A/Brand";v="8", "Chromium";v="114", "Google Chrome";v="114"',
        'content-type': 'Application/json',
        'sec-ch-ua-mobile': '?0',
        authorization: 'bearer eyJhbGciOiJIUzI1NiIsInR5cCI6IkpXVCJ9.eyJ1c2VyIjoiTWFoZW5kcmEgTW9oYW5lIiwiaWQiOiI2NDhlYWIyYWNkZWI3ZWE2MWRjYmQwMDIiLCJyb2xlIjoidXNlciIsImlhdCI6MTY4NzA3MTUzMCwiZXhwIjoxNjg3MDczMzMwfQ.SkJoOQl5YEDfZcrDXh3wWMMfeRELqn9eldzDlxfwJNA',
        'user-agent': 'Mozilla/5.0 (Windows NT 10.0; Win64; x64) AppleWebKit/537.36 (KHTML, like Gecko) Chrome/114.0.0.0 Safari/537.36',
        'sec-ch-ua-platform': '"Windows"',
        accept: '*/*',
        origin: 'http://127.0.0.1:5501',
        'sec-fetch-site': 'cross-site',
        'sec-fetch-mode': 'cors',
        'sec-fetch-dest': 'empty',
        referer: 'http://127.0.0.1:5501/',
        'accept-encoding': 'gzip, deflate, br',
        'accept-language': 'en-US,en;q=0.9,hi;q=0.8'
      },
      method: 'POST',
      httpVersion: '1.1',
      originalUrl: '/chat/getCon',
      query: {}
    },
    res: { statusCode: 200 },
    responseTime: 149
  },
  level: '\x1B[32minfo\x1B[39m',
  message: 'HTTP POST /chat/getCon'
}
{
  meta: {
    req: {
      url: '/user/auth/google',
      headers: {
        host: 'localhost:8080',
        connection: 'keep-alive',
        'sec-ch-ua': '"Not.A/Brand";v="8", "Chromium";v="114", "Google Chrome";v="114"',
        'sec-ch-ua-mobile': '?0',
        'sec-ch-ua-platform': '"Windows"',
        'upgrade-insecure-requests': '1',
        'user-agent': 'Mozilla/5.0 (Windows NT 10.0; Win64; x64) AppleWebKit/537.36 (KHTML, like Gecko) Chrome/114.0.0.0 Safari/537.36',
        accept: 'text/html,application/xhtml+xml,application/xml;q=0.9,image/avif,image/webp,image/apng,*/*;q=0.8,application/signed-exchange;v=b3;q=0.7',
        'sec-fetch-site': 'cross-site',
        'sec-fetch-mode': 'navigate',
        'sec-fetch-user': '?1',
        'sec-fetch-dest': 'document',
        referer: 'http://127.0.0.1:5501/',
        'accept-encoding': 'gzip, deflate, br',
        'accept-language': 'en-US,en;q=0.9,hi;q=0.8'
      },
      method: 'GET',
      httpVersion: '1.1',
      originalUrl: '/user/auth/google',
      query: {}
    },
    res: { statusCode: 302 },
    responseTime: 7
  },
  level: '\x1B[32minfo\x1B[39m',
  message: 'HTTP GET /user/auth/google'
}
{
  meta: {
    req: {
      url: '/user/auth/google/callback?code=4%2F0AbUR2VPEwoXUbXCQtRLbVFBmmc4Nrywewn7ofLe-42b80JOF_g6_FzAds0fM3iBNVSK28A&scope=email+profile+https%3A%2F%2Fwww.googleapis.com%2Fauth%2Fuserinfo.profile+https%3A%2F%2Fwww.googleapis.com%2Fauth%2Fuserinfo.email+openid&authuser=0&prompt=none',
      headers: {
        host: 'localhost:8080',
        connection: 'keep-alive',
        'upgrade-insecure-requests': '1',
        'user-agent': 'Mozilla/5.0 (Windows NT 10.0; Win64; x64) AppleWebKit/537.36 (KHTML, like Gecko) Chrome/114.0.0.0 Safari/537.36',
        accept: 'text/html,application/xhtml+xml,application/xml;q=0.9,image/avif,image/webp,image/apng,*/*;q=0.8,application/signed-exchange;v=b3;q=0.7',
        'sec-fetch-site': 'cross-site',
        'sec-fetch-mode': 'navigate',
        'sec-fetch-user': '?1',
        'sec-fetch-dest': 'document',
        'sec-ch-ua': '"Not.A/Brand";v="8", "Chromium";v="114", "Google Chrome";v="114"',
        'sec-ch-ua-mobile': '?0',
        'sec-ch-ua-platform': '"Windows"',
        referer: 'http://127.0.0.1:5501/',
        'accept-encoding': 'gzip, deflate, br',
        'accept-language': 'en-US,en;q=0.9,hi;q=0.8'
      },
      method: 'GET',
      httpVersion: '1.1',
      originalUrl: '/user/auth/google/callback?code=4%2F0AbUR2VPEwoXUbXCQtRLbVFBmmc4Nrywewn7ofLe-42b80JOF_g6_FzAds0fM3iBNVSK28A&scope=email+profile+https%3A%2F%2Fwww.googleapis.com%2Fauth%2Fuserinfo.profile+https%3A%2F%2Fwww.googleapis.com%2Fauth%2Fuserinfo.email+openid&authuser=0&prompt=none',
      query: {
        code: '4/0AbUR2VPEwoXUbXCQtRLbVFBmmc4Nrywewn7ofLe-42b80JOF_g6_FzAds0fM3iBNVSK28A',
        scope: 'email profile https://www.googleapis.com/auth/userinfo.profile https://www.googleapis.com/auth/userinfo.email openid',
        authuser: '0',
        prompt: 'none'
      }
    },
    res: { statusCode: 302 },
    responseTime: 1702
  },
  level: '\x1B[32minfo\x1B[39m',
  message: 'HTTP GET /user/auth/google/callback?code=4%2F0AbUR2VPEwoXUbXCQtRLbVFBmmc4Nrywewn7ofLe-42b80JOF_g6_FzAds0fM3iBNVSK28A&scope=email+profile+https%3A%2F%2Fwww.googleapis.com%2Fauth%2Fuserinfo.profile+https%3A%2F%2Fwww.googleapis.com%2Fauth%2Fuserinfo.email+openid&authuser=0&prompt=none'
}
{
  meta: {
    req: {
      url: '/user/log',
      headers: {
        host: 'localhost:8080',
        connection: 'keep-alive',
        'content-length': '26',
        'sec-ch-ua': '"Not.A/Brand";v="8", "Chromium";v="114", "Google Chrome";v="114"',
        'sec-ch-ua-platform': '"Windows"',
        'sec-ch-ua-mobile': '?0',
        'user-agent': 'Mozilla/5.0 (Windows NT 10.0; Win64; x64) AppleWebKit/537.36 (KHTML, like Gecko) Chrome/114.0.0.0 Safari/537.36',
        'content-type': 'application/json',
        accept: '*/*',
        origin: 'http://127.0.0.1:5501',
        'sec-fetch-site': 'cross-site',
        'sec-fetch-mode': 'cors',
        'sec-fetch-dest': 'empty',
        referer: 'http://127.0.0.1:5501/',
        'accept-encoding': 'gzip, deflate, br',
        'accept-language': 'en-US,en;q=0.9,hi;q=0.8'
      },
      method: 'POST',
      httpVersion: '1.1',
      originalUrl: '/user/log',
      query: {}
    },
    res: { statusCode: 406 },
    responseTime: 264
  },
  level: '\x1B[32minfo\x1B[39m',
  message: 'HTTP POST /user/log'
}
{
  meta: {
    req: {
      url: '/user/getOtp',
      headers: {
        host: 'localhost:8080',
        connection: 'keep-alive',
        'content-length': '41',
        'sec-ch-ua': '"Not.A/Brand";v="8", "Chromium";v="114", "Google Chrome";v="114"',
        'sec-ch-ua-platform': '"Windows"',
        'sec-ch-ua-mobile': '?0',
        'user-agent': 'Mozilla/5.0 (Windows NT 10.0; Win64; x64) AppleWebKit/537.36 (KHTML, like Gecko) Chrome/114.0.0.0 Safari/537.36',
        'content-type': 'application/json',
        accept: '*/*',
        origin: 'http://127.0.0.1:5501',
        'sec-fetch-site': 'cross-site',
        'sec-fetch-mode': 'cors',
        'sec-fetch-dest': 'empty',
        referer: 'http://127.0.0.1:5501/',
        'accept-encoding': 'gzip, deflate, br',
        'accept-language': 'en-US,en;q=0.9,hi;q=0.8'
      },
      method: 'POST',
      httpVersion: '1.1',
      originalUrl: '/user/getOtp',
      query: {}
    },
    res: { statusCode: 406 },
    responseTime: 1347
  },
  level: '\x1B[32minfo\x1B[39m',
  message: 'HTTP POST /user/getOtp'
}
{
  meta: {
    req: {
      url: '/user/getOtp',
      headers: {
        host: 'localhost:8080',
        connection: 'keep-alive',
        'content-length': '41',
        'sec-ch-ua': '"Not.A/Brand";v="8", "Chromium";v="114", "Google Chrome";v="114"',
        'sec-ch-ua-platform': '"Windows"',
        'sec-ch-ua-mobile': '?0',
        'user-agent': 'Mozilla/5.0 (Windows NT 10.0; Win64; x64) AppleWebKit/537.36 (KHTML, like Gecko) Chrome/114.0.0.0 Safari/537.36',
        'content-type': 'application/json',
        accept: '*/*',
        origin: 'http://127.0.0.1:5501',
        'sec-fetch-site': 'cross-site',
        'sec-fetch-mode': 'cors',
        'sec-fetch-dest': 'empty',
        referer: 'http://127.0.0.1:5501/',
        'accept-encoding': 'gzip, deflate, br',
        'accept-language': 'en-US,en;q=0.9,hi;q=0.8'
      },
      method: 'POST',
      httpVersion: '1.1',
      originalUrl: '/user/getOtp',
      query: {}
    },
    res: { statusCode: 406 },
    responseTime: 1042
  },
  level: '\x1B[32minfo\x1B[39m',
  message: 'HTTP POST /user/getOtp'
}
{
  meta: {
    req: {
      url: '/user/log',
      headers: {
        host: 'localhost:8080',
        connection: 'keep-alive',
        'content-length': '26',
        'sec-ch-ua': '"Not.A/Brand";v="8", "Chromium";v="114", "Google Chrome";v="114"',
        'sec-ch-ua-platform': '"Windows"',
        'sec-ch-ua-mobile': '?0',
        'user-agent': 'Mozilla/5.0 (Windows NT 10.0; Win64; x64) AppleWebKit/537.36 (KHTML, like Gecko) Chrome/114.0.0.0 Safari/537.36',
        'content-type': 'application/json',
        accept: '*/*',
        origin: 'http://127.0.0.1:5501',
        'sec-fetch-site': 'cross-site',
        'sec-fetch-mode': 'cors',
        'sec-fetch-dest': 'empty',
        referer: 'http://127.0.0.1:5501/',
        'accept-encoding': 'gzip, deflate, br',
        'accept-language': 'en-US,en;q=0.9,hi;q=0.8'
      },
      method: 'POST',
      httpVersion: '1.1',
      originalUrl: '/user/log',
      query: {}
    },
    res: { statusCode: 406 },
    responseTime: 204
  },
  level: '\x1B[32minfo\x1B[39m',
  message: 'HTTP POST /user/log'
}
{
  meta: {
    req: {
      url: '/user/auth/github',
      headers: {
        host: 'localhost:8080',
        connection: 'keep-alive',
        'sec-ch-ua': '"Not.A/Brand";v="8", "Chromium";v="114", "Google Chrome";v="114"',
        'sec-ch-ua-mobile': '?0',
        'sec-ch-ua-platform': '"Windows"',
        'upgrade-insecure-requests': '1',
        'user-agent': 'Mozilla/5.0 (Windows NT 10.0; Win64; x64) AppleWebKit/537.36 (KHTML, like Gecko) Chrome/114.0.0.0 Safari/537.36',
        accept: 'text/html,application/xhtml+xml,application/xml;q=0.9,image/avif,image/webp,image/apng,*/*;q=0.8,application/signed-exchange;v=b3;q=0.7',
        'sec-fetch-site': 'cross-site',
        'sec-fetch-mode': 'navigate',
        'sec-fetch-user': '?1',
        'sec-fetch-dest': 'document',
        referer: 'http://127.0.0.1:5501/',
        'accept-encoding': 'gzip, deflate, br',
        'accept-language': 'en-US,en;q=0.9,hi;q=0.8'
      },
      method: 'GET',
      httpVersion: '1.1',
      originalUrl: '/user/auth/github',
      query: {}
    },
    res: { statusCode: 302 },
    responseTime: 10
  },
  level: '\x1B[32minfo\x1B[39m',
  message: 'HTTP GET /user/auth/github'
}
{
  meta: {
    req: {
      url: '/user/auth/github/callback?code=688ebcd23c9d917fa51c',
      headers: {
        host: 'localhost:8080',
        connection: 'keep-alive',
        'upgrade-insecure-requests': '1',
        'user-agent': 'Mozilla/5.0 (Windows NT 10.0; Win64; x64) AppleWebKit/537.36 (KHTML, like Gecko) Chrome/114.0.0.0 Safari/537.36',
        accept: 'text/html,application/xhtml+xml,application/xml;q=0.9,image/avif,image/webp,image/apng,*/*;q=0.8,application/signed-exchange;v=b3;q=0.7',
        'sec-fetch-site': 'cross-site',
        'sec-fetch-mode': 'navigate',
        'sec-fetch-user': '?1',
        'sec-fetch-dest': 'document',
        'sec-ch-ua': '"Not.A/Brand";v="8", "Chromium";v="114", "Google Chrome";v="114"',
        'sec-ch-ua-mobile': '?0',
        'sec-ch-ua-platform': '"Windows"',
        referer: 'http://127.0.0.1:5501/',
        'accept-encoding': 'gzip, deflate, br',
        'accept-language': 'en-US,en;q=0.9,hi;q=0.8'
      },
      method: 'GET',
      httpVersion: '1.1',
      originalUrl: '/user/auth/github/callback?code=688ebcd23c9d917fa51c',
      query: { code: '688ebcd23c9d917fa51c' }
    },
    res: { statusCode: 302 },
    responseTime: 2911
  },
  level: '\x1B[32minfo\x1B[39m',
  message: 'HTTP GET /user/auth/github/callback?code=688ebcd23c9d917fa51c'
}
{
  meta: {
    req: {
      url: '/user/auth/google',
      headers: {
        host: 'localhost:8080',
        connection: 'keep-alive',
        'sec-ch-ua': '"Not.A/Brand";v="8", "Chromium";v="114", "Google Chrome";v="114"',
        'sec-ch-ua-mobile': '?0',
        'sec-ch-ua-platform': '"Windows"',
        'upgrade-insecure-requests': '1',
        'user-agent': 'Mozilla/5.0 (Windows NT 10.0; Win64; x64) AppleWebKit/537.36 (KHTML, like Gecko) Chrome/114.0.0.0 Safari/537.36',
        accept: 'text/html,application/xhtml+xml,application/xml;q=0.9,image/avif,image/webp,image/apng,*/*;q=0.8,application/signed-exchange;v=b3;q=0.7',
        'sec-fetch-site': 'cross-site',
        'sec-fetch-mode': 'navigate',
        'sec-fetch-user': '?1',
        'sec-fetch-dest': 'document',
        referer: 'http://127.0.0.1:5501/',
        'accept-encoding': 'gzip, deflate, br',
        'accept-language': 'en-US,en;q=0.9,hi;q=0.8'
      },
      method: 'GET',
      httpVersion: '1.1',
      originalUrl: '/user/auth/google',
      query: {}
    },
    res: { statusCode: 302 },
    responseTime: 5
  },
  level: '\x1B[32minfo\x1B[39m',
  message: 'HTTP GET /user/auth/google'
}
{
  meta: {
    req: {
      url: '/user/auth/google/callback?code=4%2F0AbUR2VOoh5VdMN1FCb5971Kxi4nJ1zvTYrC4A-KwzKFvjiBNAE3VV1DImFUeuWzjrSXFVw&scope=email+profile+openid+https%3A%2F%2Fwww.googleapis.com%2Fauth%2Fuserinfo.profile+https%3A%2F%2Fwww.googleapis.com%2Fauth%2Fuserinfo.email&authuser=0&prompt=none',
      headers: {
        host: 'localhost:8080',
        connection: 'keep-alive',
        'upgrade-insecure-requests': '1',
        'user-agent': 'Mozilla/5.0 (Windows NT 10.0; Win64; x64) AppleWebKit/537.36 (KHTML, like Gecko) Chrome/114.0.0.0 Safari/537.36',
        accept: 'text/html,application/xhtml+xml,application/xml;q=0.9,image/avif,image/webp,image/apng,*/*;q=0.8,application/signed-exchange;v=b3;q=0.7',
        'sec-fetch-site': 'cross-site',
        'sec-fetch-mode': 'navigate',
        'sec-fetch-user': '?1',
        'sec-fetch-dest': 'document',
        'sec-ch-ua': '"Not.A/Brand";v="8", "Chromium";v="114", "Google Chrome";v="114"',
        'sec-ch-ua-mobile': '?0',
        'sec-ch-ua-platform': '"Windows"',
        referer: 'http://127.0.0.1:5501/',
        'accept-encoding': 'gzip, deflate, br',
        'accept-language': 'en-US,en;q=0.9,hi;q=0.8'
      },
      method: 'GET',
      httpVersion: '1.1',
      originalUrl: '/user/auth/google/callback?code=4%2F0AbUR2VOoh5VdMN1FCb5971Kxi4nJ1zvTYrC4A-KwzKFvjiBNAE3VV1DImFUeuWzjrSXFVw&scope=email+profile+openid+https%3A%2F%2Fwww.googleapis.com%2Fauth%2Fuserinfo.profile+https%3A%2F%2Fwww.googleapis.com%2Fauth%2Fuserinfo.email&authuser=0&prompt=none',
      query: {
        code: '4/0AbUR2VOoh5VdMN1FCb5971Kxi4nJ1zvTYrC4A-KwzKFvjiBNAE3VV1DImFUeuWzjrSXFVw',
        scope: 'email profile openid https://www.googleapis.com/auth/userinfo.profile https://www.googleapis.com/auth/userinfo.email',
        authuser: '0',
        prompt: 'none'
      }
    },
    res: { statusCode: 302 },
    responseTime: 1785
  },
  level: '\x1B[32minfo\x1B[39m',
  message: 'HTTP GET /user/auth/google/callback?code=4%2F0AbUR2VOoh5VdMN1FCb5971Kxi4nJ1zvTYrC4A-KwzKFvjiBNAE3VV1DImFUeuWzjrSXFVw&scope=email+profile+openid+https%3A%2F%2Fwww.googleapis.com%2Fauth%2Fuserinfo.profile+https%3A%2F%2Fwww.googleapis.com%2Fauth%2Fuserinfo.email&authuser=0&prompt=none'
}
